0 info it worked if it ends with ok
1 verbose cli [ 'C:\\Program Files\\nodejs\\\\node.exe',
1 verbose cli   'C:\\Program Files\\nodejs\\node_modules\\npm\\bin\\npm-cli.js',
1 verbose cli   'install',
1 verbose cli   'bodyParser' ]
2 info using npm@1.4.28
3 info using node@v0.10.32
4 verbose node symlink C:\Program Files\nodejs\\node.exe
5 verbose readDependencies using package.json deps
6 verbose cache add [ 'bodyParser', null ]
7 verbose cache add name=undefined spec="bodyParser" args=["bodyParser",null]
8 verbose parsed url { protocol: null,
8 verbose parsed url   slashes: null,
8 verbose parsed url   auth: null,
8 verbose parsed url   host: null,
8 verbose parsed url   port: null,
8 verbose parsed url   hostname: null,
8 verbose parsed url   hash: null,
8 verbose parsed url   search: null,
8 verbose parsed url   query: null,
8 verbose parsed url   pathname: 'bodyParser',
8 verbose parsed url   path: 'bodyParser',
8 verbose parsed url   href: 'bodyParser' }
9 silly lockFile caa4c3c7-bodyParser bodyParser
10 verbose lock bodyParser C:\Users\liuyan\AppData\Roaming\npm-cache\caa4c3c7-bodyParser.lock
11 silly lockFile caa4c3c7-bodyParser bodyParser
12 silly lockFile caa4c3c7-bodyParser bodyParser
13 verbose addNamed [ 'bodyParser', '' ]
14 verbose addNamed [ null, '*' ]
15 silly lockFile e0b6bd45-bodyParser bodyParser@
16 verbose lock bodyParser@ C:\Users\liuyan\AppData\Roaming\npm-cache\e0b6bd45-bodyParser.lock
17 silly addNameRange { name: 'bodyParser', range: '*', hasData: false }
18 verbose request where is /bodyParser
19 verbose request registry https://registry.npmjs.org/
20 verbose request id 6dcea6fe544d767f
21 verbose url raw /bodyParser
22 verbose url resolving [ 'https://registry.npmjs.org/', './bodyParser' ]
23 verbose url resolved https://registry.npmjs.org/bodyParser
24 verbose request where is https://registry.npmjs.org/bodyParser
25 info trying registry request attempt 1 at 21:03:34
26 http GET https://registry.npmjs.org/bodyParser
27 http 404 https://registry.npmjs.org/bodyParser
28 verbose headers { date: 'Thu, 09 Oct 2014 04:04:25 GMT',
28 verbose headers   server: 'CouchDB/1.5.0 (Erlang OTP/R16B03)',
28 verbose headers   'content-type': 'application/json',
28 verbose headers   'cache-control': 'max-age=0',
28 verbose headers   'content-length': '52',
28 verbose headers   'accept-ranges': 'bytes',
28 verbose headers   via: '1.1 varnish',
28 verbose headers   age: '0',
28 verbose headers   'x-served-by': 'cache-lax1420-LAX',
28 verbose headers   'x-cache': 'MISS',
28 verbose headers   'x-cache-hits': '0',
28 verbose headers   'x-timer': 'S1412827465.167262,VS0,VE183',
28 verbose headers   'keep-alive': 'timeout=10, max=50',
28 verbose headers   connection: 'Keep-Alive' }
29 silly registry.get cb [ 404,
29 silly registry.get   { date: 'Thu, 09 Oct 2014 04:04:25 GMT',
29 silly registry.get     server: 'CouchDB/1.5.0 (Erlang OTP/R16B03)',
29 silly registry.get     'content-type': 'application/json',
29 silly registry.get     'cache-control': 'max-age=0',
29 silly registry.get     'content-length': '52',
29 silly registry.get     'accept-ranges': 'bytes',
29 silly registry.get     via: '1.1 varnish',
29 silly registry.get     age: '0',
29 silly registry.get     'x-served-by': 'cache-lax1420-LAX',
29 silly registry.get     'x-cache': 'MISS',
29 silly registry.get     'x-cache-hits': '0',
29 silly registry.get     'x-timer': 'S1412827465.167262,VS0,VE183',
29 silly registry.get     'keep-alive': 'timeout=10, max=50',
29 silly registry.get     connection: 'Keep-Alive' } ]
30 silly lockFile e0b6bd45-bodyParser bodyParser@
31 silly lockFile e0b6bd45-bodyParser bodyParser@
32 error 404 404 Not Found: bodyParser
32 error 404
32 error 404 'bodyParser' is not in the npm registry.
32 error 404 You should bug the author to publish it
32 error 404 It was specified as a dependency of 'bookdish'
32 error 404
32 error 404 Note that you can also install from a
32 error 404 tarball, folder, or http url, or git url.
33 error System Windows_NT 6.2.9200
34 error command "C:\\Program Files\\nodejs\\\\node.exe" "C:\\Program Files\\nodejs\\node_modules\\npm\\bin\\npm-cli.js" "install" "bodyParser"
35 error cwd D:\git\bookdishbe
36 error node -v v0.10.32
37 error npm -v 1.4.28
38 error code E404
39 verbose exit [ 1, true ]
